
[32minfo[39m: [32mServer is listening on Port 5000[39m
[32minfo[39m: [32mKết nối database mongodb...[39m
[32minfo[39m: [32mServer is listening on Port 5000[39m
[32minfo[39m: [32mKết nối database mongodb...[39m
[32minfo[39m: [32mServer is listening on Port 5000[39m
[32minfo[39m: [32mKết nối database mongodb...[39m
[32minfo[39m: [32mServer is listening on Port 5000[39m
[32minfo[39m: [32mKết nối database mongodb...[39m
[32minfo[39m: [32mServer is listening on Port 5000[39m
[32minfo[39m: [32mKết nối database mongodb...[39m
[32minfo[39m: [32mServer is listening on Port 5000[39m
[32minfo[39m: [32mKết nối database mongodb...[39m
[32minfo[39m: [32mServer is listening on Port 5000[39m
[32minfo[39m: [32mKết nối database mongodb...[39m
[31merror[39m: [31m[ERROR] - Status: 400 - Msg: Mật khẩu không chính xác[39m
[31merror[39m: [31m[ERROR] - Status: 400 - Msg: Mật khẩu không chính xác[39m
[32minfo[39m: [32mServer is listening on Port 5000[39m
[32minfo[39m: [32mKết nối database mongodb...[39m
[31merror[39m: [31m[ERROR] - Status: 400 - Msg: Model is empty[39m
[31merror[39m: [31m[ERROR] - Status: 400 - Msg: Model is empty[39m
[31merror[39m: [31m[ERROR] - Status: 400 - Msg: Model is empty[39m
[31merror[39m: [31m[ERROR] - Status: 400 - Msg: Model is empty[39m
[31merror[39m: [31m[ERROR] - Status: 400 - Msg: Model is empty[39m
[31merror[39m: [31m[ERROR] - Status: 400 - Msg: Model is empty[39m
[31merror[39m: [31m[ERROR] - Status: 400 - Msg: Model is empty[39m
[31merror[39m: [31m[ERROR] - Status: 400 - Msg: Model is empty[39m
[31merror[39m: [31m[ERROR] - Status: 400 - Msg: Model is empty[39m
[31merror[39m: [31m[ERROR] - Status: 400 - Msg: Model is empty[39m
[31merror[39m: [31m[ERROR] - Status: 400 - Msg: Model is empty[39m
[31merror[39m: [31m[ERROR] - Status: 409 - Msg: Email: zzzquangzzzthuzzz@gmail.com không tồn tại[39m
[31merror[39m: [31m[ERROR] - Status: 400 - Msg: Mật khẩu không chính xác[39m
[32minfo[39m: [32mServer is listening on Port 5000[39m
[32minfo[39m: [32mKết nối database mongodb...[39m
[32minfo[39m: [32mServer is listening on Port 5000[39m
[32minfo[39m: [32mKết nối database mongodb...[39m
[32minfo[39m: [32mServer is listening on Port 5000[39m
[32minfo[39m: [32mKết nối database mongodb...[39m
[32minfo[39m: [32mServer is listening on Port 5000[39m
[32minfo[39m: [32mKết nối database mongodb...[39m
[32minfo[39m: [32mServer is listening on Port 5000[39m
[32minfo[39m: [32mKết nối database mongodb...[39m
[32minfo[39m: [32mServer is listening on Port 5000[39m
[32minfo[39m: [32mKết nối database mongodb...[39m
[32minfo[39m: [32mServer is listening on Port 5000[39m
[32minfo[39m: [32mKết nối database mongodb...[39m
[32minfo[39m: [32mServer is listening on Port 5000[39m
[32minfo[39m: [32mKết nối database mongodb...[39m
[32minfo[39m: [32mServer is listening on Port 5000[39m
[32minfo[39m: [32mKết nối database mongodb...[39m
[32minfo[39m: [32mServer is listening on Port 5000[39m
[32minfo[39m: [32mKết nối database mongodb...[39m
[32minfo[39m: [32mServer is listening on Port 5000[39m
[32minfo[39m: [32mKết nối database mongodb...[39m
[32minfo[39m: [32mServer is listening on Port 5000[39m
[32minfo[39m: [32mKết nối database mongodb...[39m
[32minfo[39m: [32mServer is listening on Port 5000[39m
[32minfo[39m: [32mKết nối database mongodb...[39m
[32minfo[39m: [32mServer is listening on Port 5000[39m
[32minfo[39m: [32mKết nối database mongodb...[39m
[32minfo[39m: [32mServer is listening on Port 5000[39m
[32minfo[39m: [32mKết nối database mongodb...[39m
[32minfo[39m: [32mServer is listening on Port 5000[39m
[32minfo[39m: [32mKết nối database mongodb...[39m
[32minfo[39m: [32mServer is listening on Port 5000[39m
[32minfo[39m: [32mKết nối database mongodb...[39m
[32minfo[39m: [32mServer is listening on Port 5000[39m
[32minfo[39m: [32mKết nối database mongodb...[39m
[32minfo[39m: [32mServer is listening on Port 5000[39m
[32minfo[39m: [32mKết nối database mongodb...[39m
[32minfo[39m: [32mServer is listening on Port 5000[39m
[32minfo[39m: [32mKết nối database mongodb...[39m
[32minfo[39m: [32mServer is listening on Port 5000[39m
[32minfo[39m: [32mKết nối database mongodb...[39m
[32minfo[39m: [32mServer is listening on Port 5000[39m
[32minfo[39m: [32mKết nối database mongodb...[39m
[32minfo[39m: [32mServer is listening on Port 5000[39m
[32minfo[39m: [32mKết nối database mongodb...[39m
[32minfo[39m: [32mServer is listening on Port 5000[39m
[32minfo[39m: [32mKết nối database mongodb...[39m
[32minfo[39m: [32mServer is listening on Port 5000[39m
[32minfo[39m: [32mKết nối database mongodb...[39m
[32minfo[39m: [32mServer is listening on Port 5000[39m
[32minfo[39m: [32mKết nối database mongodb...[39m
[32minfo[39m: [32mServer is listening on Port 5000[39m
[32minfo[39m: [32mKết nối database mongodb...[39m
[32minfo[39m: [32mServer is listening on Port 5000[39m
[32minfo[39m: [32mKết nối database mongodb...[39m
[32minfo[39m: [32mServer is listening on Port 5000[39m
[32minfo[39m: [32mKết nối database mongodb...[39m
[32minfo[39m: [32mServer is listening on Port 5000[39m
[32minfo[39m: [32mKết nối database mongodb...[39m
[32minfo[39m: [32mServer is listening on Port 5000[39m
[32minfo[39m: [32mKết nối database mongodb...[39m
[32minfo[39m: [32mServer is listening on Port 5000[39m
[32minfo[39m: [32mKết nối database mongodb...[39m
[32minfo[39m: [32mServer is listening on Port 5000[39m
[32minfo[39m: [32mKết nối database mongodb...[39m
[32minfo[39m: [32mServer is listening on Port 5000[39m
[32minfo[39m: [32mKết nối database mongodb...[39m
[32minfo[39m: [32mServer is listening on Port 5000[39m
[32minfo[39m: [32mKết nối database mongodb...[39m
[32minfo[39m: [32mServer is listening on Port 5000[39m
[32minfo[39m: [32mKết nối database mongodb...[39m
[32minfo[39m: [32mServer is listening on Port 5000[39m
[32minfo[39m: [32mKết nối database mongodb...[39m
[32minfo[39m: [32mServer is listening on Port 5000[39m
[32minfo[39m: [32mKết nối database mongodb...[39m
[32minfo[39m: [32mServer is listening on Port 5000[39m
[32minfo[39m: [32mKết nối database mongodb...[39m
[32minfo[39m: [32mServer is listening on Port 5000[39m
[32minfo[39m: [32mKết nối database mongodb...[39m
[32minfo[39m: [32mServer is listening on Port 5000[39m
[32minfo[39m: [32mKết nối database mongodb...[39m
[32minfo[39m: [32mServer is listening on Port 5000[39m
[32minfo[39m: [32mKết nối database mongodb...[39m
[32minfo[39m: [32mServer is listening on Port 5000[39m
[32minfo[39m: [32mKết nối database mongodb...[39m
[32minfo[39m: [32mServer is listening on Port 5000[39m
[32minfo[39m: [32mKết nối database mongodb...[39m
[32minfo[39m: [32mServer is listening on Port 5000[39m
[32minfo[39m: [32mKết nối database mongodb...[39m
[32minfo[39m: [32mServer is listening on Port 5000[39m
[32minfo[39m: [32mKết nối database mongodb...[39m
[32minfo[39m: [32mServer is listening on Port 5000[39m
[32minfo[39m: [32mKết nối database mongodb...[39m
[32minfo[39m: [32mServer is listening on Port 5000[39m
[32minfo[39m: [32mKết nối database mongodb...[39m
[32minfo[39m: [32mServer is listening on Port 5000[39m
[32minfo[39m: [32mKết nối database mongodb...[39m
[32minfo[39m: [32mServer is listening on Port 5000[39m
[32minfo[39m: [32mKết nối database mongodb...[39m
[32minfo[39m: [32mServer is listening on Port 5000[39m
[32minfo[39m: [32mKết nối database mongodb...[39m
[32minfo[39m: [32mServer is listening on Port 5000[39m
[32minfo[39m: [32mKết nối database mongodb...[39m
[32minfo[39m: [32mServer is listening on Port 5000[39m
[32minfo[39m: [32mKết nối database mongodb...[39m
